 average collision # in parton cascade=  1.972
 total # of scaterring processes in parton cascade=
  0.633E+00  0.409E+00  0.500E-02  0.000E+00  0.110E-01  0.000E+00  0.000E+00  0.903E+00  0.110E-01
 multiplicity of negative particles=  2.41  9.063
 multiplicity of positive particles=  2.461  11.063
 particle multiplicity,p=  2.073  0.215  0.022  0.04  0.02  0.  0.002  0.  0.
  2.069  0.192  0.229  0.081  0.094  0.075  0.087  0.002  0.  0.  0.
 particle multiplicity,f=  8.329  0.974  0.143  0.323  0.139  0.011  0.017
  0.001  0.001  7.475  0.92  0.976  1.223  0.399  0.973  0.415  0.004  0.001
  0.003  0.002
 time_par,time_had,sedio,spdio,ssdio,i=  0.285291978  3.16823584  7.20819392
  0.592  5.86283511 1000
 wthroe=  0.  0.  0.  0.
 wthroq,wthrob,wthroc=  0.  0.  0.
 ID of distribution m2= 1
 distribution belong to m3= 1
  0.  0.  0.  0.  0.  0.  0.  0.  0.902  1.196  1.176  0.872  0.  0.  0.  0.
  0.  0.  0.  0.
  0.146  0.436  0.586  0.754  0.796  0.974  1.134  1.132  1.166  1.208  1.188
  1.058  1.126  1.048  0.956  0.808  0.834  0.614  0.384  0.158
 distribution belong to m3= 2
  0.  0.  0.  0.  0.  0.  0.  0.  0.068  0.144  0.146  0.072  0.  0.  0.  0.
  0.  0.  0.  0.
  0.006  0.022  0.028  0.082  0.098  0.138  0.14  0.166  0.144  0.154  0.154
  0.17  0.132  0.136  0.148  0.08  0.074  0.05  0.016  0.008
 distribution belong to m3= 3
  0.  0.  0.  0.  0.  0.  0.  0.  0.002  0.026  0.012  0.004  0.  0.  0.  0.
  0.  0.  0.  0.
  0.  0.002  0.002  0.01  0.004  0.016  0.022  0.024  0.01  0.03  0.012  0.032
  0.028  0.03  0.026  0.012  0.018  0.008  0.  0.
 distribution belong to m3= 4
  0.  0.  0.  0.  0.  0.  0.  0.  0.006  0.034  0.028  0.012  0.  0.  0.  0.
  0.  0.  0.  0.
  0.014  0.036  0.068  0.034  0.022  0.026  0.024  0.012  0.024  0.04  0.034
  0.03  0.04  0.024  0.018  0.028  0.036  0.068  0.046  0.02
 distribution belong to m3= 5
  0.  0.  0.  0.  0.  0.  0.  0.  0.006  0.014  0.012  0.008  0.  0.  0.  0.
  0.  0.  0.  0.
  0.  0.  0.006  0.012  0.014  0.02  0.02  0.028  0.028  0.018  0.02  0.016
  0.016  0.03  0.026  0.014  0.01  0.  0.  0.
 distribution belong to m3= 6
  0.  0.  0.  0.  0.  0.  0.  0.  0.  0.  0.  0.  0.  0.  0.  0.  0.  0.  0.
  0.
  0.  0.  0.002  0.002  0.  0.004  0.  0.  0.002  0.  0.  0.002  0.002  0.
  0.002  0.002  0.  0.002  0.002  0.
 distribution belong to m3= 7
  0.  0.  0.  0.  0.  0.  0.  0.  0.  0.  0.002  0.002  0.  0.  0.  0.  0.  0.
  0.  0.
  0.  0.  0.  0.002  0.002  0.002  0.004  0.002  0.006  0.  0.004  0.002  0.004
  0.002  0.002  0.  0.  0.002  0.  0.
 distribution belong to m3= 8
  0.  0.  0.  0.  0.  0.  0.  0.  0.  0.  0.  0.  0.  0.  0.  0.  0.  0.  0.
  0.
  0.  0.  0.  0.  0.  0.  0.  0.  0.  0.  0.  0.002  0.  0.  0.  0.  0.  0.  0.
  0.
 distribution belong to m3= 9
  0.  0.  0.  0.  0.  0.  0.  0.  0.  0.  0.  0.  0.  0.  0.  0.  0.  0.  0.
  0.
  0.  0.  0.  0.  0.  0.002  0.  0.  0.  0.  0.  0.  0.  0.  0.  0.  0.  0.  0.
  0.
 distribution belong to m3= 10
  0.  0.  0.  0.  0.  0.  0.  0.  0.996  1.096  1.166  0.88  0.  0.  0.  0.  0.
  0.  0.  0.
  0.106  0.256  0.472  0.59  0.728  0.916  0.992  1.06  1.206  1.106  1.174
  1.134  1.078  0.908  0.864  0.75  0.68  0.464  0.252  0.112
 distribution belong to m3= 11
  0.  0.  0.  0.  0.  0.  0.  0.  0.06  0.136  0.12  0.068  0.  0.  0.  0.  0.
  0.  0.  0.
  0.002  0.006  0.03  0.092  0.098  0.114  0.146  0.124  0.162  0.144  0.128
  0.15  0.154  0.132  0.104  0.1  0.088  0.048  0.016  0.002
 distribution belong to m3= 12
  0.  0.  0.  0.  0.  0.  0.  0.  0.06  0.152  0.188  0.058  0.  0.  0.  0.  0.
  0.  0.  0.
  0.004  0.016  0.036  0.06  0.072  0.148  0.152  0.162  0.15  0.158  0.196
  0.18  0.164  0.118  0.116  0.094  0.058  0.044  0.014  0.01
 distribution belong to m3= 13
  0.  0.  0.  0.  0.  0.  0.  0.  0.018  0.06  0.054  0.03  0.  0.  0.  0.  0.
  0.  0.  0.
  0.098  0.18  0.29  0.22  0.088  0.064  0.06  0.06  0.07  0.062  0.06  0.074
  0.056  0.062  0.072  0.094  0.19  0.28  0.18  0.082
 distribution belong to m3= 14
  0.  0.  0.  0.  0.  0.  0.  0.  0.022  0.096  0.05  0.02  0.  0.  0.  0.  0.
  0.  0.  0.
  0.  0.002  0.004  0.036  0.038  0.062  0.056  0.054  0.058  0.098  0.068
  0.062  0.046  0.064  0.044  0.052  0.036  0.012  0.006  0.
 distribution belong to m3= 15
  0.  0.  0.  0.  0.  0.  0.  0.  0.026  0.05  0.054  0.02  0.  0.  0.  0.  0.
  0.  0.  0.
  0.056  0.14  0.204  0.166  0.098  0.068  0.068  0.06  0.08  0.056  0.064
  0.062  0.082  0.072  0.068  0.068  0.122  0.186  0.158  0.056
 distribution belong to m3= 16
  0.  0.  0.  0.  0.  0.  0.  0.  0.012  0.066  0.076  0.02  0.  0.  0.  0.  0.
  0.  0.  0.
  0.  0.002  0.012  0.022  0.05  0.064  0.05  0.058  0.062  0.074  0.082  0.07
  0.08  0.07  0.064  0.034  0.022  0.01  0.004  0.
 distribution belong to m3= 17
  0.  0.  0.  0.  0.  0.  0.  0.  0.  0.002  0.  0.002  0.  0.  0.  0.  0.  0.
  0.  0.
  0.  0.  0.  0.  0.  0.  0.002  0.  0.  0.002  0.  0.002  0.  0.  0.002  0.
  0.  0.  0.  0.
 distribution belong to m3= 18
  0.  0.  0.  0.  0.  0.  0.  0.  0.  0.  0.  0.  0.  0.  0.  0.  0.  0.  0.
  0.
  0.  0.  0.  0.  0.  0.002  0.  0.  0.  0.  0.  0.  0.  0.  0.  0.  0.  0.  0.
  0.
 distribution belong to m3= 19
  0.  0.  0.  0.  0.  0.  0.  0.  0.  0.  0.  0.  0.  0.  0.  0.  0.  0.  0.
  0.
  0.  0.  0.  0.002  0.  0.  0.  0.  0.  0.  0.  0.  0.  0.002  0.  0.  0.
  0.002  0.  0.
 distribution belong to m3= 20
  0.  0.  0.  0.  0.  0.  0.  0.  0.  0.  0.  0.  0.  0.  0.  0.  0.  0.  0.
  0.
  0.  0.  0.  0.  0.  0.  0.  0.  0.002  0.  0.  0.  0.002  0.  0.  0.  0.  0.
  0.  0.
 ID of distribution m2= 2
 distribution belong to m3= 1
  10.376  1.664  0.1856  0.0262857143  0.00977777778  0.00145454545  0.  0.  0.
  0.  0.  0.  0.  0.  0.  0.  0.  0.  0.  0.
  45.056  5.56266667  0.728  0.121142857  0.0284444444  0.00872727273
  0.00369230769  0.  0.  0.  0.  0.  0.  0.  0.  0.  0.  0.  0.  0.
 distribution belong to m3= 2
  0.76  0.256  0.0272  0.00457142857  0.00266666667  0.  0.  0.  0.  0.  0.  0.
  0.  0.  0.  0.  0.  0.  0.  0.
  4.176  0.949333333  0.104  0.024  0.00711111111  0.000727272727
  0.000615384615  0.  0.  0.  0.  0.  0.  0.  0.  0.  0.  0.  0.  0.
 distribution belong to m3= 3
  0.064  0.0133333333  0.008  0.00342857143  0.  0.  0.  0.000533333333  0.  0.
  0.  0.  0.  0.  0.  0.  0.  0.  0.  0.
  0.536  0.125333333  0.0368  0.00571428571  0.  0.  0.  0.000533333333  0.  0.
  0.  0.  0.  0.  0.  0.  0.  0.  0.  0.
 distribution belong to m3= 4
  0.08  0.0533333333  0.0096  0.00342857143  0.  0.000727272727  0.  0.  0.  0.
  0.  0.  0.  0.  0.  0.  0.  0.  0.  0.
  0.736  0.304  0.0976  0.0308571429  0.00977777778  0.00581818182
  0.00246153846  0.000533333333  0.00188235294  0.  0.  0.000347826087  0.  0.
  0.  0.  0.  0.  0.  0.
 distribution belong to m3= 5
  0.032  0.0213333333  0.0096  0.  0.  0.00145454545  0.  0.  0.  0.  0.  0.
  0.  0.  0.  0.  0.  0.  0.  0.
  0.456  0.144  0.0288  0.00685714286  0.00177777778  0.00145454545  0.  0.  0.
  0.  0.  0.  0.  0.  0.  0.  0.  0.  0.  0.
 distribution belong to m3= 6
  0.  0.  0.  0.  0.  0.  0.  0.  0.  0.  0.  0.  0.  0.  0.  0.  0.  0.  0.
  0.
  0.056  0.00266666667  0.0032  0.00114285714  0.  0.  0.  0.  0.  0.  0.  0.
  0.  0.  0.  0.  0.  0.  0.  0.
 distribution belong to m3= 7
  0.  0.00266666667  0.0016  0.  0.  0.  0.  0.  0.  0.  0.  0.  0.  0.  0.  0.
  0.  0.  0.  0.
  0.04  0.0186666667  0.0048  0.  0.00177777778  0.  0.  0.  0.  0.  0.  0.  0.
  0.  0.  0.  0.  0.  0.  0.
 distribution belong to m3= 8
  0.  0.  0.  0.  0.  0.  0.  0.  0.  0.  0.  0.  0.  0.  0.  0.  0.  0.  0.
  0.
  0.008  0.  0.  0.  0.  0.  0.  0.  0.  0.  0.  0.  0.  0.  0.  0.  0.  0.  0.
  0.
 distribution belong to m3= 9
  0.  0.  0.  0.  0.  0.  0.  0.  0.  0.  0.  0.  0.  0.  0.  0.  0.  0.  0.
  0.
  0.  0.00266666667  0.  0.  0.  0.  0.  0.  0.  0.  0.  0.  0.  0.  0.  0.  0.
  0.  0.  0.
 distribution belong to m3= 10
  10.632  1.61333333  0.1728  0.0251428571  0.000888888889  0.00145454545  0.
  0.000533333333  0.  0.000421052632  0.  0.  0.  0.  0.  0.  0.  0.  0.  0.
  40.416  5.144  0.6128  0.0902857143  0.0177777778  0.00436363636
  0.00123076923  0.000533333333  0.000941176471  0.000421052632  0.  0.  0.  0.
  0.  0.  0.  0.  0.  0.
 distribution belong to m3= 11
  0.64  0.210666667  0.0384  0.00685714286  0.00177777778  0.  0.000615384615
  0.  0.  0.  0.  0.  0.  0.  0.  0.  0.  0.  0.  0.
  4.04  0.824  0.1248  0.0205714286  0.00533333333  0.000727272727
  0.00123076923  0.000533333333  0.  0.  0.  0.  0.  0.  0.  0.  0.  0.  0.  0.
 distribution belong to m3= 12
  0.824  0.218666667  0.0416  0.0148571429  0.00444444444  0.  0.  0.  0.  0.
  0.  0.  0.  0.  0.  0.  0.  0.  0.  0.
  4.192  0.888  0.1472  0.0217142857  0.00622222222  0.000727272727  0.  0.  0.
  0.  0.  0.  0.  0.  0.  0.  0.  0.  0.  0.
 distribution belong to m3= 13
  0.168  0.0693333333  0.0352  0.0102857143  0.00266666667  0.  0.  0.  0.  0.
  0.  0.  0.  0.  0.  0.  0.  0.  0.  0.
  2.776  1.12533333  0.3392  0.134857143  0.0506666667  0.0189090909
  0.0123076923  0.00586666667  0.00282352941  0.000842105263  0.
  0.000347826087  0.00032  0.  0.  0.  0.  0.  0.  0.
 distribution belong to m3= 14
  0.168  0.114666667  0.0384  0.00571428571  0.000888888889  0.  0.  0.  0.  0.
  0.  0.  0.  0.  0.  0.  0.  0.  0.  0.
  1.216  0.413333333  0.1136  0.0205714286  0.000888888889  0.000727272727
  0.000615384615  0.  0.  0.  0.  0.  0.  0.  0.  0.  0.  0.  0.  0.
 distribution belong to m3= 15
  0.088  0.0906666667  0.0368  0.00571428571  0.00177777778  0.  0.  0.  0.  0.
  0.  0.  0.  0.  0.  0.  0.  0.  0.  0.
  1.984  0.906666667  0.2976  0.0914285714  0.0462222222  0.0247272727
  0.0110769231  0.00213333333  0.00235294118  0.00168421053  0.  0.000347826087
  0.00032  0.  0.  0.  0.  0.  0.  0.
 distribution belong to m3= 16
  0.168  0.0986666667  0.0288  0.00914285714  0.00177777778  0.000727272727  0.
  0.  0.  0.  0.  0.  0.  0.  0.  0.  0.  0.  0.  0.
  1.288  0.458666667  0.0912  0.0217142857  0.00266666667  0.00145454545
  0.000615384615  0.  0.  0.  0.  0.  0.  0.  0.  0.  0.  0.  0.  0.
 distribution belong to m3= 17
  0.  0.00266666667  0.0016  0.  0.  0.  0.  0.  0.  0.  0.  0.  0.  0.  0.  0.
  0.  0.  0.  0.
  0.008  0.00533333333  0.0016  0.  0.  0.  0.  0.  0.  0.  0.  0.  0.  0.  0.
  0.  0.  0.  0.  0.
 distribution belong to m3= 18
  0.  0.  0.  0.  0.  0.  0.  0.  0.  0.  0.  0.  0.  0.  0.  0.  0.  0.  0.
  0.
  0.  0.  0.0016  0.  0.  0.  0.  0.  0.  0.  0.  0.  0.  0.  0.  0.  0.  0.
  0.  0.
 distribution belong to m3= 19
  0.  0.  0.  0.  0.  0.  0.  0.  0.  0.  0.  0.  0.  0.  0.  0.  0.  0.  0.
  0.
  0.024  0.  0.  0.  0.  0.  0.  0.  0.  0.  0.  0.  0.  0.  0.  0.  0.  0.  0.
  0.
 distribution belong to m3= 20
  0.  0.  0.  0.  0.  0.  0.  0.  0.  0.  0.  0.  0.  0.  0.  0.  0.  0.  0.
  0.
  0.  0.  0.0032  0.  0.  0.  0.  0.  0.  0.  0.  0.  0.  0.  0.  0.  0.  0.
  0.  0.
 ID of distribution m2= 3
 distribution belong to m3= 1
  0.  0.  0.  0.  0.  0.  0.  0.  1.02  1.078  1.046  1.002  0.  0.  0.  0.  0.
  0.  0.  0.
  0.232  0.5  0.618  0.77  0.858  0.98  1.1  1.092  1.02  1.078  1.046  1.002
  1.026  1.022  0.97  0.866  0.828  0.682  0.434  0.2
 distribution belong to m3= 2
  0.  0.  0.  0.  0.  0.  0.  0.  0.11  0.102  0.098  0.12  0.  0.  0.  0.  0.
  0.  0.  0.
  0.014  0.048  0.056  0.1  0.134  0.128  0.126  0.142  0.11  0.102  0.098
  0.12  0.136  0.116  0.126  0.116  0.092  0.08  0.04  0.036
 distribution belong to m3= 3
  0.  0.  0.  0.  0.  0.  0.  0.  0.008  0.02  0.004  0.012  0.  0.  0.  0.  0.
  0.  0.  0.
  0.004  0.004  0.008  0.01  0.02  0.014  0.018  0.01  0.008  0.02  0.004
  0.012  0.024  0.014  0.032  0.024  0.022  0.014  0.01  0.002
 distribution belong to m3= 4
  0.  0.  0.  0.  0.  0.  0.  0.  0.018  0.022  0.014  0.026  0.  0.  0.  0.
  0.  0.  0.  0.
  0.038  0.032  0.044  0.036  0.03  0.018  0.012  0.016  0.018  0.022  0.014
  0.026  0.018  0.03  0.026  0.02  0.036  0.044  0.058  0.038
 distribution belong to m3= 5
  0.  0.  0.  0.  0.  0.  0.  0.  0.01  0.01  0.004  0.016  0.  0.  0.  0.  0.
  0.  0.  0.
  0.004  0.01  0.01  0.022  0.014  0.022  0.02  0.02  0.01  0.01  0.004  0.016
  0.014  0.018  0.022  0.022  0.016  0.008  0.008  0.
 distribution belong to m3= 6
  0.  0.  0.  0.  0.  0.  0.  0.  0.  0.  0.  0.  0.  0.  0.  0.  0.  0.  0.
  0.
  0.  0.002  0.  0.  0.004  0.  0.  0.002  0.  0.  0.  0.  0.  0.  0.002  0.002
  0.002  0.002  0.  0.
 distribution belong to m3= 7
  0.  0.  0.  0.  0.  0.  0.  0.  0.  0.  0.  0.004  0.  0.  0.  0.  0.  0.  0.
  0.
  0.  0.002  0.  0.002  0.002  0.004  0.  0.006  0.  0.  0.  0.004  0.002  0.
  0.004  0.002  0.  0.  0.002  0.002
 distribution belong to m3= 8
  0.  0.  0.  0.  0.  0.  0.  0.  0.  0.  0.  0.  0.  0.  0.  0.  0.  0.  0.
  0.
  0.  0.  0.  0.  0.  0.  0.  0.  0.  0.  0.  0.  0.  0.  0.  0.  0.002  0.  0.
  0.
 distribution belong to m3= 9
  0.  0.  0.  0.  0.  0.  0.  0.  0.  0.  0.  0.  0.  0.  0.  0.  0.  0.  0.
  0.
  0.  0.  0.  0.002  0.  0.  0.  0.  0.  0.  0.  0.  0.  0.  0.  0.  0.  0.  0.
  0.
 distribution belong to m3= 10
  0.  0.  0.  0.  0.  0.  0.  0.  1.134  0.958  1.032  1.014  0.  0.  0.  0.
  0.  0.  0.  0.
  0.152  0.312  0.522  0.644  0.81  0.844  1.02  0.984  1.134  0.958  1.032
  1.014  1.074  0.872  0.878  0.782  0.714  0.534  0.276  0.164
 distribution belong to m3= 11
  0.  0.  0.  0.  0.  0.  0.  0.  0.106  0.09  0.082  0.106  0.  0.  0.  0.  0.
  0.  0.  0.
  0.016  0.036  0.074  0.092  0.104  0.138  0.13  0.126  0.106  0.09  0.082
  0.106  0.126  0.144  0.098  0.094  0.106  0.086  0.038  0.028
 distribution belong to m3= 12
  0.  0.  0.  0.  0.  0.  0.  0.  0.102  0.11  0.13  0.116  0.  0.  0.  0.  0.
  0.  0.  0.
  0.008  0.032  0.074  0.094  0.122  0.156  0.122  0.124  0.102  0.11  0.13
  0.116  0.17  0.13  0.116  0.124  0.072  0.068  0.042  0.008
 distribution belong to m3= 13
  0.  0.  0.  0.  0.  0.  0.  0.  0.04  0.038  0.044  0.04  0.  0.  0.  0.  0.
  0.  0.  0.
  0.142  0.214  0.234  0.136  0.062  0.058  0.056  0.042  0.04  0.038  0.044
  0.04  0.04  0.044  0.058  0.092  0.138  0.234  0.18  0.142
 distribution belong to m3= 14
  0.  0.  0.  0.  0.  0.  0.  0.  0.062  0.056  0.032  0.038  0.  0.  0.  0.
  0.  0.  0.  0.
  0.006  0.014  0.04  0.052  0.054  0.038  0.044  0.04  0.062  0.056  0.032
  0.038  0.044  0.054  0.036  0.066  0.048  0.028  0.026  0.01
 distribution belong to m3= 15
  0.  0.  0.  0.  0.  0.  0.  0.  0.046  0.03  0.038  0.036  0.  0.  0.  0.  0.
  0.  0.  0.
  0.102  0.154  0.202  0.12  0.082  0.072  0.06  0.046  0.046  0.03  0.038
  0.036  0.05  0.054  0.066  0.086  0.102  0.14  0.172  0.112
 distribution belong to m3= 16
  0.  0.  0.  0.  0.  0.  0.  0.  0.044  0.034  0.048  0.048  0.  0.  0.  0.
  0.  0.  0.  0.
  0.008  0.026  0.038  0.046  0.052  0.03  0.058  0.054  0.044  0.034  0.048
  0.048  0.05  0.064  0.062  0.052  0.06  0.028  0.008  0.012
 distribution belong to m3= 17
  0.  0.  0.  0.  0.  0.  0.  0.  0.  0.002  0.  0.002  0.  0.  0.  0.  0.  0.
  0.  0.
  0.  0.  0.  0.  0.002  0.  0.  0.  0.  0.002  0.  0.002  0.  0.  0.  0.  0.
  0.  0.002  0.
 distribution belong to m3= 18
  0.  0.  0.  0.  0.  0.  0.  0.  0.  0.  0.  0.  0.  0.  0.  0.  0.  0.  0.
  0.
  0.  0.  0.  0.  0.002  0.  0.  0.  0.  0.  0.  0.  0.  0.  0.  0.  0.  0.  0.
  0.
 distribution belong to m3= 19
  0.  0.  0.  0.  0.  0.  0.  0.  0.  0.  0.  0.  0.  0.  0.  0.  0.  0.  0.
  0.
  0.  0.002  0.  0.  0.  0.  0.  0.  0.  0.  0.  0.  0.  0.  0.  0.002  0.  0.
  0.  0.002
 distribution belong to m3= 20
  0.  0.  0.  0.  0.  0.  0.  0.  0.  0.  0.  0.  0.  0.  0.  0.  0.  0.  0.
  0.
  0.  0.  0.  0.  0.  0.  0.  0.002  0.  0.  0.  0.  0.  0.002  0.  0.  0.  0.
  0.  0.
 ID of distribution m2= 4
 distribution belong to m3= 1
  0.  0.  0.  0.  0.  0.  0.  0.  0.  0.  0.  0.  0.  0.  0.  0.  0.  0.  0.
  0.
  0.  0.  0.  0.  0.  0.  0.  0.  0.  0.  0.  0.  0.  0.  0.  0.  0.  0.  0.
  0.
 distribution belong to m3= 2
  0.  0.  0.  0.  0.  0.  0.  0.  0.  0.  0.  0.  0.  0.  0.  0.  0.  0.  0.
  0.
  0.  0.  0.  0.  0.  0.  0.  0.  0.  0.  0.  0.  0.  0.  0.  0.  0.  0.  0.
  0.
 distribution belong to m3= 3
  0.  0.  0.  0.  0.  0.  0.  0.  0.  0.  0.  0.  0.  0.  0.  0.  0.  0.  0.
  0.
  0.  0.  0.  0.  0.  0.  0.  0.  0.  0.  0.  0.  0.  0.  0.  0.  0.  0.  0.
  0.
 distribution belong to m3= 4
  0.  0.  0.  0.  0.  0.  0.  0.  0.  0.  0.  0.  0.  0.  0.  0.  0.  0.  0.
  0.
  0.  0.  0.  0.  0.  0.  0.  0.  0.  0.  0.  0.  0.  0.  0.  0.  0.  0.  0.
  0.
 distribution belong to m3= 5
  0.  0.  0.  0.  0.  0.  0.  0.  0.  0.  0.  0.  0.  0.  0.  0.  0.  0.  0.
  0.
  0.  0.  0.  0.  0.  0.  0.  0.  0.  0.  0.  0.  0.  0.  0.  0.  0.  0.  0.
  0.
 distribution belong to m3= 6
  0.  0.  0.  0.  0.  0.  0.  0.  0.  0.  0.  0.  0.  0.  0.  0.  0.  0.  0.
  0.
  0.  0.  0.  0.  0.  0.  0.  0.  0.  0.  0.  0.  0.  0.  0.  0.  0.  0.  0.
  0.
 distribution belong to m3= 7
  0.  0.  0.  0.  0.  0.  0.  0.  0.  0.  0.  0.  0.  0.  0.  0.  0.  0.  0.
  0.
  0.  0.  0.  0.  0.  0.  0.  0.  0.  0.  0.  0.  0.  0.  0.  0.  0.  0.  0.
  0.
 distribution belong to m3= 8
  0.  0.  0.  0.  0.  0.  0.  0.  0.  0.  0.  0.  0.  0.  0.  0.  0.  0.  0.
  0.
  0.  0.  0.  0.  0.  0.  0.  0.  0.  0.  0.  0.  0.  0.  0.  0.  0.  0.  0.
  0.
 distribution belong to m3= 9
  0.  0.  0.  0.  0.  0.  0.  0.  0.  0.  0.  0.  0.  0.  0.  0.  0.  0.  0.
  0.
  0.  0.  0.  0.  0.  0.  0.  0.  0.  0.  0.  0.  0.  0.  0.  0.  0.  0.  0.
  0.
 distribution belong to m3= 10
  0.  0.  0.  0.  0.  0.  0.  0.  0.  0.  0.  0.  0.  0.  0.  0.  0.  0.  0.
  0.
  0.  0.  0.  0.  0.  0.  0.  0.  0.  0.  0.  0.  0.  0.  0.  0.  0.  0.  0.
  0.
 distribution belong to m3= 11
  0.  0.  0.  0.  0.  0.  0.  0.  0.  0.  0.  0.  0.  0.  0.  0.  0.  0.  0.
  0.
  0.  0.  0.  0.  0.  0.  0.  0.  0.  0.  0.  0.  0.  0.  0.  0.  0.  0.  0.
  0.
 distribution belong to m3= 12
  0.  0.  0.  0.  0.  0.  0.  0.  0.  0.  0.  0.  0.  0.  0.  0.  0.  0.  0.
  0.
  0.  0.  0.  0.  0.  0.  0.  0.  0.  0.  0.  0.  0.  0.  0.  0.  0.  0.  0.
  0.
 distribution belong to m3= 13
  0.  0.  0.  0.  0.  0.  0.  0.  0.  0.  0.  0.  0.  0.  0.  0.  0.  0.  0.
  0.
  0.  0.  0.  0.  0.  0.  0.  0.  0.  0.  0.  0.  0.  0.  0.  0.  0.  0.  0.
  0.
 distribution belong to m3= 14
  0.  0.  0.  0.  0.  0.  0.  0.  0.  0.  0.  0.  0.  0.  0.  0.  0.  0.  0.
  0.
  0.  0.  0.  0.  0.  0.  0.  0.  0.  0.  0.  0.  0.  0.  0.  0.  0.  0.  0.
  0.
 distribution belong to m3= 15
  0.  0.  0.  0.  0.  0.  0.  0.  0.  0.  0.  0.  0.  0.  0.  0.  0.  0.  0.
  0.
  0.  0.  0.  0.  0.  0.  0.  0.  0.  0.  0.  0.  0.  0.  0.  0.  0.  0.  0.
  0.
 distribution belong to m3= 16
  0.  0.  0.  0.  0.  0.  0.  0.  0.  0.  0.  0.  0.  0.  0.  0.  0.  0.  0.
  0.
  0.  0.  0.  0.  0.  0.  0.  0.  0.  0.  0.  0.  0.  0.  0.  0.  0.  0.  0.
  0.
 distribution belong to m3= 17
  0.  0.  0.  0.  0.  0.  0.  0.  0.  0.  0.  0.  0.  0.  0.  0.  0.  0.  0.
  0.
  0.  0.  0.  0.  0.  0.  0.  0.  0.  0.  0.  0.  0.  0.  0.  0.  0.  0.  0.
  0.
 distribution belong to m3= 18
  0.  0.  0.  0.  0.  0.  0.  0.  0.  0.  0.  0.  0.  0.  0.  0.  0.  0.  0.
  0.
  0.  0.  0.  0.  0.  0.  0.  0.  0.  0.  0.  0.  0.  0.  0.  0.  0.  0.  0.
  0.
 distribution belong to m3= 19
  0.  0.  0.  0.  0.  0.  0.  0.  0.  0.  0.  0.  0.  0.  0.  0.  0.  0.  0.
  0.
  0.  0.  0.  0.  0.  0.  0.  0.  0.  0.  0.  0.  0.  0.  0.  0.  0.  0.  0.
  0.
 distribution belong to m3= 20
  0.  0.  0.  0.  0.  0.  0.  0.  0.  0.  0.  0.  0.  0.  0.  0.  0.  0.  0.
  0.
  0.  0.  0.  0.  0.  0.  0.  0.  0.  0.  0.  0.  0.  0.  0.  0.  0.  0.  0.
  0.
 ID of distribution m2= 5
 distribution belong to m3= 1
  0.  0.  0.  0.  0.  0.  0.  0.  0.  0.  0.  0.  0.  0.  0.  0.  0.  0.  0.
  0.
  0.  0.  0.  0.  0.  0.  0.  0.  0.  0.  0.  0.  0.  0.  0.  0.  0.  0.  0.
  0.
 distribution belong to m3= 2
  0.  0.  0.  0.  0.  0.  0.  0.  0.  0.  0.  0.  0.  0.  0.  0.  0.  0.  0.
  0.
  0.  0.  0.  0.  0.  0.  0.  0.  0.  0.  0.  0.  0.  0.  0.  0.  0.  0.  0.
  0.
 distribution belong to m3= 3
  0.  0.  0.  0.  0.  0.  0.  0.  0.  0.  0.  0.  0.  0.  0.  0.  0.  0.  0.
  0.
  0.  0.  0.  0.  0.  0.  0.  0.  0.  0.  0.  0.  0.  0.  0.  0.  0.  0.  0.
  0.
 distribution belong to m3= 4
  0.  0.  0.  0.  0.  0.  0.  0.  0.  0.  0.  0.  0.  0.  0.  0.  0.  0.  0.
  0.
  0.  0.  0.  0.  0.  0.  0.  0.  0.  0.  0.  0.  0.  0.  0.  0.  0.  0.  0.
  0.
 distribution belong to m3= 5
  0.  0.  0.  0.  0.  0.  0.  0.  0.  0.  0.  0.  0.  0.  0.  0.  0.  0.  0.
  0.
  0.  0.  0.  0.  0.  0.  0.  0.  0.  0.  0.  0.  0.  0.  0.  0.  0.  0.  0.
  0.
 distribution belong to m3= 6
  0.  0.  0.  0.  0.  0.  0.  0.  0.  0.  0.  0.  0.  0.  0.  0.  0.  0.  0.
  0.
  0.  0.  0.  0.  0.  0.  0.  0.  0.  0.  0.  0.  0.  0.  0.  0.  0.  0.  0.
  0.
 distribution belong to m3= 7
  0.  0.  0.  0.  0.  0.  0.  0.  0.  0.  0.  0.  0.  0.  0.  0.  0.  0.  0.
  0.
  0.  0.  0.  0.  0.  0.  0.  0.  0.  0.  0.  0.  0.  0.  0.  0.  0.  0.  0.
  0.
 distribution belong to m3= 8
  0.  0.  0.  0.  0.  0.  0.  0.  0.  0.  0.  0.  0.  0.  0.  0.  0.  0.  0.
  0.
  0.  0.  0.  0.  0.  0.  0.  0.  0.  0.  0.  0.  0.  0.  0.  0.  0.  0.  0.
  0.
 distribution belong to m3= 9
  0.  0.  0.  0.  0.  0.  0.  0.  0.  0.  0.  0.  0.  0.  0.  0.  0.  0.  0.
  0.
  0.  0.  0.  0.  0.  0.  0.  0.  0.  0.  0.  0.  0.  0.  0.  0.  0.  0.  0.
  0.
 distribution belong to m3= 10
  0.  0.  0.  0.  0.  0.  0.  0.  0.  0.  0.  0.  0.  0.  0.  0.  0.  0.  0.
  0.
  0.  0.  0.  0.  0.  0.  0.  0.  0.  0.  0.  0.  0.  0.  0.  0.  0.  0.  0.
  0.
 distribution belong to m3= 11
  0.  0.  0.  0.  0.  0.  0.  0.  0.  0.  0.  0.  0.  0.  0.  0.  0.  0.  0.
  0.
  0.  0.  0.  0.  0.  0.  0.  0.  0.  0.  0.  0.  0.  0.  0.  0.  0.  0.  0.
  0.
 distribution belong to m3= 12
  0.  0.  0.  0.  0.  0.  0.  0.  0.  0.  0.  0.  0.  0.  0.  0.  0.  0.  0.
  0.
  0.  0.  0.  0.  0.  0.  0.  0.  0.  0.  0.  0.  0.  0.  0.  0.  0.  0.  0.
  0.
 distribution belong to m3= 13
  0.  0.  0.  0.  0.  0.  0.  0.  0.  0.  0.  0.  0.  0.  0.  0.  0.  0.  0.
  0.
  0.  0.  0.  0.  0.  0.  0.  0.  0.  0.  0.  0.  0.  0.  0.  0.  0.  0.  0.
  0.
 distribution belong to m3= 14
  0.  0.  0.  0.  0.  0.  0.  0.  0.  0.  0.  0.  0.  0.  0.  0.  0.  0.  0.
  0.
  0.  0.  0.  0.  0.  0.  0.  0.  0.  0.  0.  0.  0.  0.  0.  0.  0.  0.  0.
  0.
 distribution belong to m3= 15
  0.  0.  0.  0.  0.  0.  0.  0.  0.  0.  0.  0.  0.  0.  0.  0.  0.  0.  0.
  0.
  0.  0.  0.  0.  0.  0.  0.  0.  0.  0.  0.  0.  0.  0.  0.  0.  0.  0.  0.
  0.
 distribution belong to m3= 16
  0.  0.  0.  0.  0.  0.  0.  0.  0.  0.  0.  0.  0.  0.  0.  0.  0.  0.  0.
  0.
  0.  0.  0.  0.  0.  0.  0.  0.  0.  0.  0.  0.  0.  0.  0.  0.  0.  0.  0.
  0.
 distribution belong to m3= 17
  0.  0.  0.  0.  0.  0.  0.  0.  0.  0.  0.  0.  0.  0.  0.  0.  0.  0.  0.
  0.
  0.  0.  0.  0.  0.  0.  0.  0.  0.  0.  0.  0.  0.  0.  0.  0.  0.  0.  0.
  0.
 distribution belong to m3= 18
  0.  0.  0.  0.  0.  0.  0.  0.  0.  0.  0.  0.  0.  0.  0.  0.  0.  0.  0.
  0.
  0.  0.  0.  0.  0.  0.  0.  0.  0.  0.  0.  0.  0.  0.  0.  0.  0.  0.  0.
  0.
 distribution belong to m3= 19
  0.  0.  0.  0.  0.  0.  0.  0.  0.  0.  0.  0.  0.  0.  0.  0.  0.  0.  0.
  0.
  0.  0.  0.  0.  0.  0.  0.  0.  0.  0.  0.  0.  0.  0.  0.  0.  0.  0.  0.
  0.
 distribution belong to m3= 20
  0.  0.  0.  0.  0.  0.  0.  0.  0.  0.  0.  0.  0.  0.  0.  0.  0.  0.  0.
  0.
  0.  0.  0.  0.  0.  0.  0.  0.  0.  0.  0.  0.  0.  0.  0.  0.  0.  0.  0.
  0.
